Build started 28.09.2009 22:32:34.
     1>Project "D:\Books\fromshare\ProC# 4.0\code\Interop\DotnetServer\COMClient\COMClient.vcxproj" on node 20 (build target(s)).
     1>_PrepareForBuild:
         Creating "Debug\COMClient.unsuccessfulbuild" because "AlwaysCreate" was specified.
       ClCompile:
         Skipping task because its outputs are up-to-date.
         C:\Program Files (x86)\Microsoft Visual Studio 10.0\VC\bin\CL.exe /c /ZI /nologo /W3 /WX- /Od /Oy- /D WIN32 /D _DEBUG /D _CONSOLE /D _UNICODE /D UNICODE /Gm /EHsc /RTC1 /MDd /GS /fp:precise /Zc:wchar_t /Zc:forScope /Yu"StdAfx.h" /Fp"Debug\COMClient.pch" /Fo"Debug\\" /Fd"Debug\vc100.pdb" /Gd /TP /analyze- /errorReport:prompt COMClient.cpp
         COMClient.cpp
       ManifestResourceCompile:
         Skipping task because its outputs are up-to-date.
       Link:
         C:\Program Files (x86)\Microsoft Visual Studio 10.0\VC\bin\link.exe /OUT:"D:\Books\fromshare\ProC# 4.0\code\Interop\DotnetServer\Debug\COMClient.exe" /INCREMENTAL /NOLOGO kernel32.lib user32.lib gdi32.lib winspool.lib comdlg32.lib advapi32.lib shell32.lib ole32.lib oleaut32.lib uuid.lib odbc32.lib odbccp32.lib /MANIFEST /ManifestFile:"Debug\COMClient.exe.intermediate.manifest" /MANIFESTUAC:"level='asInvoker' uiAccess='false'" /DEBUG /PDB:"D:\Books\fromshare\ProC# 4.0\code\Interop\DotnetServer\Debug\COMClient.pdb" /SUBSYSTEM:CONSOLE /TLBID:1 /DYNAMICBASE /NXCOMPAT /IMPLIB:"D:\Books\fromshare\ProC# 4.0\code\Interop\DotnetServer\Debug\COMClient.lib" /MACHINE:X86 /ERRORREPORT:PROMPT Debug\COMClient.obj Debug\stdafx.obj
       Manifest:
         C:\Program Files (x86)\Microsoft SDKs\Windows\v7.0A\bin\mt.exe /nologo /verbose /out:"Debug\COMClient.exe.embed.manifest" /manifest Debug\COMClient.exe.intermediate.manifest
         Skipping task because its outputs are up-to-date.
       LinkEmbedManifest:
         Skipping task because its outputs are up-to-date.
         COMClient.vcxproj -> D:\Books\fromshare\ProC# 4.0\code\Interop\DotnetServer\Debug\COMClient.exe
       _AfterBuild:
         Deleting file "Debug\COMClient.unsuccessfulbuild".
         Touching "Debug\COMClient.lastbuildstate".
     1>Done Building Project "D:\Books\fromshare\ProC# 4.0\code\Interop\DotnetServer\COMClient\COMClient.vcxproj" (build target(s)).

Build succeeded.

Time Elapsed 00:00:01.65
