K:\PROC# 4.0\CODE\LANGUAGESAMPLES\CPPCLI\DEBUG\.NETFRAMEWORK,VERSION=V4.0.ASSEMBLYATTRIBUTES.OBJ
K:\PROC# 4.0\CODE\LANGUAGESAMPLES\CPPCLI\DEBUG\APP.RES
K:\PROC# 4.0\CODE\LANGUAGESAMPLES\CPPCLI\DEBUG\ASSEMBLYINFO.OBJ
K:\ProC# 4.0\code\LanguageSamples\CPPCLI\Debug\cl.command.1.tlog
K:\ProC# 4.0\code\LanguageSamples\CPPCLI\Debug\CL.read.1.tlog
K:\ProC# 4.0\code\LanguageSamples\CPPCLI\Debug\CL.write.1.tlog
K:\PROC# 4.0\CODE\LANGUAGESAMPLES\CPPCLI\DEBUG\CPPCLI.EXE.INTERMEDIATE.MANIFEST
K:\PROC# 4.0\CODE\LANGUAGESAMPLES\CPPCLI\DEBUG\CPPCLI.OBJ
K:\PROC# 4.0\CODE\LANGUAGESAMPLES\CPPCLI\DEBUG\CPPCLI.PCH
K:\ProC# 4.0\code\LanguageSamples\CPPCLI\Debug\CPPCLI.write.1.tlog
K:\ProC# 4.0\code\LanguageSamples\CPPCLI\Debug\link.7100.read.1.tlog
K:\ProC# 4.0\code\LanguageSamples\CPPCLI\Debug\link.7100.write.1.tlog
K:\ProC# 4.0\code\LanguageSamples\CPPCLI\Debug\link.7100-cvtres.read.1.tlog
K:\ProC# 4.0\code\LanguageSamples\CPPCLI\Debug\link.7100-cvtres.write.1.tlog
K:\ProC# 4.0\code\LanguageSamples\CPPCLI\Debug\link.command.1.tlog
K:\ProC# 4.0\code\LanguageSamples\CPPCLI\Debug\link.read.1.tlog
K:\ProC# 4.0\code\LanguageSamples\CPPCLI\Debug\link.write.1.tlog
K:\ProC# 4.0\code\LanguageSamples\CPPCLI\Debug\mt.command.1.tlog
K:\ProC# 4.0\code\LanguageSamples\CPPCLI\Debug\mt.read.1.tlog
K:\ProC# 4.0\code\LanguageSamples\CPPCLI\Debug\mt.write.1.tlog
K:\PROC# 4.0\CODE\LANGUAGESAMPLES\CPPCLI\DEBUG\PERSON.OBJ
K:\ProC# 4.0\code\LanguageSamples\CPPCLI\Debug\rc.command.1.tlog
K:\ProC# 4.0\code\LanguageSamples\CPPCLI\Debug\rc.read.1.tlog
K:\ProC# 4.0\code\LanguageSamples\CPPCLI\Debug\rc.write.1.tlog
K:\PROC# 4.0\CODE\LANGUAGESAMPLES\CPPCLI\DEBUG\STDAFX.OBJ
K:\PROC# 4.0\CODE\LANGUAGESAMPLES\CPPCLI\DEBUG\VC100.PDB
K:\PROC# 4.0\CODE\LANGUAGESAMPLES\DEBUG\CPPCLI.EXE
K:\PROC# 4.0\CODE\LANGUAGESAMPLES\DEBUG\CPPCLI.ILK
K:\PROC# 4.0\CODE\LANGUAGESAMPLES\DEBUG\CPPCLI.PDB
